2018-06-14 17:21:30 INFO  TestBase:64 - ****************Starting Before Suite*****************
2018-06-14 17:21:30 INFO  TestBase:65 - ****************Starting Extent*****************
2018-06-14 17:21:30 INFO  TestBase:46 - ****************Starting Chrome Browser*****************
2018-06-14 17:21:44 ERROR CartPageTest:45 - Message
2018-06-14 17:21:44 FATAL CartPageTest:46 - test
2018-06-14 17:21:46 INFO  TestBase:78 - ****************End Extent*****************
2018-06-14 17:34:09 INFO  TestBase:64 - ****************Starting Before Suite*****************
2018-06-14 17:34:09 INFO  TestBase:65 - ****************Starting Extent*****************
2018-06-14 17:34:09 INFO  TestBase:46 - ****************Starting Chrome Browser*****************
2018-06-14 17:34:50 INFO  TestBase:64 - ****************Starting Before Suite*****************
2018-06-14 17:34:50 INFO  TestBase:65 - ****************Starting Extent*****************
2018-06-14 17:34:50 INFO  TestBase:46 - ****************Starting Chrome Browser*****************
2018-06-14 17:35:05 ERROR CartPageTest:54 - Message
2018-06-14 17:35:05 FATAL CartPageTest:55 - test
2018-06-14 17:35:05 INFO  CartPageTest:84 - verifyLogo
2018-06-14 17:35:07 INFO  TestBase:46 - ****************Starting Chrome Browser*****************
2018-06-14 17:35:19 INFO  TestBase:78 - ****************End Extent*****************
2018-06-14 17:37:07 INFO  TestBase:64 - ****************Starting Before Suite*****************
2018-06-14 17:37:07 INFO  TestBase:65 - ****************Starting Extent*****************
2018-06-14 17:37:07 INFO  TestBase:46 - ****************Starting Chrome Browser*****************
2018-06-14 17:38:30 INFO  TestBase:64 - ****************Starting Before Suite*****************
2018-06-14 17:38:30 INFO  TestBase:65 - ****************Starting Extent*****************
2018-06-14 17:38:30 INFO  TestBase:46 - ****************Starting Chrome Browser*****************
2018-06-14 17:38:39 ERROR CartPageTest:56 - Message
2018-06-14 17:38:39 FATAL CartPageTest:57 - test
2018-06-14 17:38:39 INFO  CartPageTest:87 - verifyLogo
2018-06-14 17:38:40 INFO  TestBase:46 - ****************Starting Chrome Browser*****************
2018-06-14 17:38:47 INFO  TestBase:78 - ****************End Extent*****************
